[23-Feb-2015 23:57:52] Warning at framework/forms/Form.php line 378: BankSesh:Pass:1 (http://localhost/uni/t14-web/public_html/LoginController/BankLoginForm)
[23-Feb-2015 23:57:52] Warning at framework/forms/Form.php line 378: BankSesh:Tkn:xl1ff9ndndj3jdmd9dn2nw91nx (http://localhost/uni/t14-web/public_html/LoginController/BankLoginForm)
[24-Feb-2015 12:05:57] Warning at framework/model/MySQLDatabase.php line 68: mysqli::mysqli(): (HY000/2002): No such file or directory (http://localhost/uni/t14-web/public_html/)
[24-Feb-2015 12:05:57] Error at framework/model/MySQLDatabase.php line 598: Couldn't connect to MySQL database | No such file or directory (http://localhost/uni/t14-web/public_html/)
[27-Feb-2015 19:20:14] Error at A:\xampp\php\pear\PHP\CodeCoverage\Driver\Xdebug.php line 66: Uncaught PHP_CodeCoverage_Exception: Xdebug is not loaded. (http://localhost/t14-web/public_html/dev/tests/coverage)
[28-Feb-2015 17:31:33] Warning at \framework\control\Cookie.php line 117: Cookie 'alternativeDatabaseName' can't be set. The site started outputting content at line 349 in A:\xampp\htdocs\t14-web\public_html\framework\dev\SapphireTestReporter.php (http://localhost/t14-web/public_html/dev/tests/BankAccessorTest)
[28-Feb-2015 17:31:33] Warning at \framework\control\Cookie.php line 117: Cookie 'alternativeDatabaseNameIv' can't be set. The site started outputting content at line 349 in A:\xampp\htdocs\t14-web\public_html\framework\dev\SapphireTestReporter.php (http://localhost/t14-web/public_html/dev/tests/BankAccessorTest)
[28-Feb-2015 17:31:33] Warning at \framework\control\Cookie.php line 117: Cookie 'alternativeDatabaseName' can't be set. The site started outputting content at line 349 in A:\xampp\htdocs\t14-web\public_html\framework\dev\SapphireTestReporter.php (http://localhost/t14-web/public_html/dev/tests/BankAccessorTest)
[28-Feb-2015 17:31:33] Warning at \framework\control\Cookie.php line 117: Cookie 'alternativeDatabaseNameIv' can't be set. The site started outputting content at line 349 in A:\xampp\htdocs\t14-web\public_html\framework\dev\SapphireTestReporter.php (http://localhost/t14-web/public_html/dev/tests/BankAccessorTest)
[28-Feb-2015 18:23:52] Warning at \framework\control\Cookie.php line 117: Cookie 'alternativeDatabaseName' can't be set. The site started outputting content at line 349 in A:\xampp\htdocs\t14-web\public_html\framework\dev\SapphireTestReporter.php (http://localhost/t14-web/public_html/dev/tests/BankAccessorTest)
[28-Feb-2015 18:23:52] Warning at \framework\control\Cookie.php line 117: Cookie 'alternativeDatabaseNameIv' can't be set. The site started outputting content at line 349 in A:\xampp\htdocs\t14-web\public_html\framework\dev\SapphireTestReporter.php (http://localhost/t14-web/public_html/dev/tests/BankAccessorTest)
[28-Feb-2015 18:23:52] Warning at \framework\control\Cookie.php line 117: Cookie 'alternativeDatabaseName' can't be set. The site started outputting content at line 349 in A:\xampp\htdocs\t14-web\public_html\framework\dev\SapphireTestReporter.php (http://localhost/t14-web/public_html/dev/tests/BankAccessorTest)
[28-Feb-2015 18:23:52] Warning at \framework\control\Cookie.php line 117: Cookie 'alternativeDatabaseNameIv' can't be set. The site started outputting content at line 349 in A:\xampp\htdocs\t14-web\public_html\framework\dev\SapphireTestReporter.php (http://localhost/t14-web/public_html/dev/tests/BankAccessorTest)
[28-Feb-2015 18:25:18] Warning at \framework\control\Cookie.php line 117: Cookie 'alternativeDatabaseName' can't be set. The site started outputting content at line 349 in A:\xampp\htdocs\t14-web\public_html\framework\dev\SapphireTestReporter.php (http://localhost/t14-web/public_html/dev/tests/BankAccessorTest)
[28-Feb-2015 18:25:18] Warning at \framework\control\Cookie.php line 117: Cookie 'alternativeDatabaseNameIv' can't be set. The site started outputting content at line 349 in A:\xampp\htdocs\t14-web\public_html\framework\dev\SapphireTestReporter.php (http://localhost/t14-web/public_html/dev/tests/BankAccessorTest)
[28-Feb-2015 18:25:18] Warning at \framework\control\Cookie.php line 117: Cookie 'alternativeDatabaseName' can't be set. The site started outputting content at line 349 in A:\xampp\htdocs\t14-web\public_html\framework\dev\SapphireTestReporter.php (http://localhost/t14-web/public_html/dev/tests/BankAccessorTest)
[28-Feb-2015 18:25:18] Warning at \framework\control\Cookie.php line 117: Cookie 'alternativeDatabaseNameIv' can't be set. The site started outputting content at line 349 in A:\xampp\htdocs\t14-web\public_html\framework\dev\SapphireTestReporter.php (http://localhost/t14-web/public_html/dev/tests/BankAccessorTest)
[28-Feb-2015 18:26:34] Warning at \framework\control\Cookie.php line 117: Cookie 'alternativeDatabaseName' can't be set. The site started outputting content at line 349 in A:\xampp\htdocs\t14-web\public_html\framework\dev\SapphireTestReporter.php (http://localhost/t14-web/public_html/dev/tests/BankAccessorTest)
[28-Feb-2015 18:26:34] Warning at \framework\control\Cookie.php line 117: Cookie 'alternativeDatabaseNameIv' can't be set. The site started outputting content at line 349 in A:\xampp\htdocs\t14-web\public_html\framework\dev\SapphireTestReporter.php (http://localhost/t14-web/public_html/dev/tests/BankAccessorTest)
[28-Feb-2015 18:26:34] Warning at \framework\control\Cookie.php line 117: Cookie 'alternativeDatabaseName' can't be set. The site started outputting content at line 349 in A:\xampp\htdocs\t14-web\public_html\framework\dev\SapphireTestReporter.php (http://localhost/t14-web/public_html/dev/tests/BankAccessorTest)
[28-Feb-2015 18:26:34] Warning at \framework\control\Cookie.php line 117: Cookie 'alternativeDatabaseNameIv' can't be set. The site started outputting content at line 349 in A:\xampp\htdocs\t14-web\public_html\framework\dev\SapphireTestReporter.php (http://localhost/t14-web/public_html/dev/tests/BankAccessorTest)
[28-Feb-2015 18:45:44] Warning at \framework\control\Cookie.php line 117: Cookie 'alternativeDatabaseName' can't be set. The site started outputting content at line 349 in A:\xampp\htdocs\t14-web\public_html\framework\dev\SapphireTestReporter.php (http://localhost/t14-web/public_html/dev/tests/BankAccessorTest)
[28-Feb-2015 18:45:44] Warning at \framework\control\Cookie.php line 117: Cookie 'alternativeDatabaseNameIv' can't be set. The site started outputting content at line 349 in A:\xampp\htdocs\t14-web\public_html\framework\dev\SapphireTestReporter.php (http://localhost/t14-web/public_html/dev/tests/BankAccessorTest)
[28-Feb-2015 18:45:44] Warning at \framework\control\Cookie.php line 117: Cookie 'alternativeDatabaseName' can't be set. The site started outputting content at line 349 in A:\xampp\htdocs\t14-web\public_html\framework\dev\SapphireTestReporter.php (http://localhost/t14-web/public_html/dev/tests/BankAccessorTest)
[28-Feb-2015 18:45:44] Warning at \framework\control\Cookie.php line 117: Cookie 'alternativeDatabaseNameIv' can't be set. The site started outputting content at line 349 in A:\xampp\htdocs\t14-web\public_html\framework\dev\SapphireTestReporter.php (http://localhost/t14-web/public_html/dev/tests/BankAccessorTest)
[28-Feb-2015 19:03:01] Warning at \framework\control\Cookie.php line 117: Cookie 'alternativeDatabaseName' can't be set. The site started outputting content at line 349 in A:\xampp\htdocs\t14-web\public_html\framework\dev\SapphireTestReporter.php (http://localhost/t14-web/public_html/dev/tests/BankAccessorTest)
[28-Feb-2015 19:03:01] Warning at \framework\control\Cookie.php line 117: Cookie 'alternativeDatabaseNameIv' can't be set. The site started outputting content at line 349 in A:\xampp\htdocs\t14-web\public_html\framework\dev\SapphireTestReporter.php (http://localhost/t14-web/public_html/dev/tests/BankAccessorTest)
[28-Feb-2015 19:03:01] Warning at \framework\control\Cookie.php line 117: Cookie 'alternativeDatabaseName' can't be set. The site started outputting content at line 349 in A:\xampp\htdocs\t14-web\public_html\framework\dev\SapphireTestReporter.php (http://localhost/t14-web/public_html/dev/tests/BankAccessorTest)
[28-Feb-2015 19:03:01] Warning at \framework\control\Cookie.php line 117: Cookie 'alternativeDatabaseNameIv' can't be set. The site started outputting content at line 349 in A:\xampp\htdocs\t14-web\public_html\framework\dev\SapphireTestReporter.php (http://localhost/t14-web/public_html/dev/tests/BankAccessorTest)
[28-Feb-2015 19:12:15] Warning at \framework\control\Cookie.php line 117: Cookie 'alternativeDatabaseName' can't be set. The site started outputting content at line 349 in A:\xampp\htdocs\t14-web\public_html\framework\dev\SapphireTestReporter.php (http://localhost/t14-web/public_html/dev/tests/BankAccessorTest)
[28-Feb-2015 19:12:15] Warning at \framework\control\Cookie.php line 117: Cookie 'alternativeDatabaseNameIv' can't be set. The site started outputting content at line 349 in A:\xampp\htdocs\t14-web\public_html\framework\dev\SapphireTestReporter.php (http://localhost/t14-web/public_html/dev/tests/BankAccessorTest)
[28-Feb-2015 19:12:15] Warning at \framework\control\Cookie.php line 117: Cookie 'alternativeDatabaseName' can't be set. The site started outputting content at line 349 in A:\xampp\htdocs\t14-web\public_html\framework\dev\SapphireTestReporter.php (http://localhost/t14-web/public_html/dev/tests/BankAccessorTest)
[28-Feb-2015 19:12:15] Warning at \framework\control\Cookie.php line 117: Cookie 'alternativeDatabaseNameIv' can't be set. The site started outputting content at line 349 in A:\xampp\htdocs\t14-web\public_html\framework\dev\SapphireTestReporter.php (http://localhost/t14-web/public_html/dev/tests/BankAccessorTest)
